
[0;32mPHPUnit Pretty Result Printer 0.26.2 by Codedungeon and contributors.
[0m[0;33m==> Configuration: [0;33m/Applications/MAMP/htdocs/contasoft/vendor/codedungeon/phpunit-result-printer/src/phpunit-printer.yml[0m

PHPUnit 8.4.3 by Sebastian Bergmann and contributors.


 ==> UserRepositoryTest         ‚úî  ‚úî  ‚úî  ‚úî  ‚úî  ‚úî  
 ==> AdminDashboardTest         ‚úî  ‚úî  ‚úî  
 ==> CreateRoleTest             ‚úî  ‚úî  ‚úî  ‚úñ  ‚úî  ‚úî  ‚úî  
 ==> DeleteRoleTest             ‚úî  ‚úî  ‚úî  
 ==> ReadRolesTest              ‚úî  
 ==> UpdateRoleTest             ‚úî  ‚úî  ‚úî  ‚úî  ‚úî  ‚úî  
 ==> ChangeUserPasswordTest     ‚úñ  ‚úî  ‚úî  ‚úî  ‚úî  ‚úî  
 ==> ClearSessionTest           ‚úñ  
 ==> ConfirmUserTest            ‚úñ  ‚úñ  ‚úî  ‚úî  ‚úî  ‚úî  ‚úî  ‚úî  ‚úî  
 ==> CreateUserTest             ‚úî  ‚úî  ‚úñ  ‚úñ  ‚úñ  ‚úñ  
 ==> DeactivateUserTest         ‚úî  ‚úî  ‚úî  ‚úî  
 ==> DeleteUserTest             ‚úñ  ‚úî  ‚úñ  ‚úñ  ‚úî  ‚úñ  
 ==> ManageUserSocialTest       ‚úî  ‚úî  
 ==> ReadUsersTest              ‚úî  ‚úî  
 ==> UpdateUserTest             ‚úî  ‚úî  ‚úñ  
 ==> ChangePasswordTest         ‚úñ  ‚úñ  ‚úî  ‚úî  ‚úñ  ‚úñ  ‚úñ  
 ==> FillContactFormTest        ‚úñ  ‚úñ  ‚úñ  ‚úî  ‚úî  ‚úî  ‚úî  
 ==> PasswordExpirationTest     ‚úî  ‚úî  ‚úî  ‚úñ  ‚úñ  ‚úñ  
 ==> ResetPasswordTest          ‚úî  ‚úî  ‚úñ  ‚úî  ‚úî  ‚úñ  ‚úñ  ‚úñ  
 ==> UpdateUserAccountTest      ‚úî  ‚úñ  ‚úñ  ‚úñ  ‚úñ  ‚úñ  ‚úñ  ‚úñ  ‚úñ  ‚úî  
 ==> UserDashboardTest          ‚úî  
 ==> UserLoginTest              ‚úî  ‚úñ  ‚úñ  ‚úñ  ‚úñ  ‚úî  ‚úî  ‚úî  ‚úî  
 ==> UserRegistrationTest       ‚úñ  ‚úî  ‚öà  ‚öà  ‚úñ  ‚úî  ‚úñ  ‚úñ  ‚úî  ‚úî  ‚úî  ‚úî  ‚úî  ‚úî  ‚úî  ‚úî  ‚úñ  
 ==> CheckForReadOnlyModeTest   ‚úî  ‚úñ  ‚úñ  
 ==> SwitchLanguageTest         ‚úñ  

Time: 9.51 seconds, Memory: 74.51 MB

There were 2 errors:

1) Tests\Feature\Frontend\UserRegistrationTest::if_email_confirmation_is_active_an_notification_gets_sent
  Illuminate\Database\Eloquent\ModelNotFoundException: No query results for model [App\Models\Auth\User].

/Applications/MAMP/htdocs/contasoft/vendor/laravel/framework/src/Illuminate/Database/Eloquent/Builder.php:454
/Applications/MAMP/htdocs/contasoft/app/Repositories/BaseRepository.php:103
/Applications/MAMP/htdocs/contasoft/tests/Feature/Frontend/UserRegistrationTest.php:81

2) Tests\Feature\Frontend\UserRegistrationTest::a_user_can_register_an_account
  Illuminate\Database\Eloquent\ModelNotFoundException: No query results for model [App\Models\Auth\User].

/Applications/MAMP/htdocs/contasoft/vendor/laravel/framework/src/Illuminate/Database/Eloquent/Builder.php:454
/Applications/MAMP/htdocs/contasoft/app/Repositories/BaseRepository.php:103
/Applications/MAMP/htdocs/contasoft/tests/Feature/Frontend/UserRegistrationTest.php:67

--

There were 49 failures:

1) Tests\Feature\Middleware\SwitchLanguageTest::the_language_can_be_switched
  Failed asserting that null matches expected 'en'.

/Applications/MAMP/htdocs/contasoft/vendor/laravel/framework/src/Illuminate/Foundation/Testing/TestResponse.php:952
/Applications/MAMP/htdocs/contasoft/tests/Feature/Middleware/SwitchLanguageTest.php:14

2) Tests\Feature\Middleware\CheckForReadOnlyModeTest::a_user_can_login_if_read_only_mode_is_enabled
  The current user is not authenticated.
Failed asserting that null is not null.

/Applications/MAMP/htdocs/contasoft/vendor/laravel/framework/src/Illuminate/Foundation/Testing/Concerns/InteractsWithAuthentication.php:89
/Applications/MAMP/htdocs/contasoft/tests/Feature/Middleware/CheckForReadOnlyModeTest.php:59

3) Tests\Feature\Middleware\CheckForReadOnlyModeTest::a_user_can_alter_data_if_read_only_mode_is_disabled
  Failed asserting that 200 is identical to 404.

/Applications/MAMP/htdocs/contasoft/tests/Feature/Middleware/CheckForReadOnlyModeTest.php:40

4) Tests\Feature\Frontend\UserRegistrationTest::it_redirects_to_dashboard_after_successful_registration
  Failed asserting that two strings are equal.

-'http://contasoft.local/dashboard'
+'http://contasoft.local'

/Applications/MAMP/htdocs/contasoft/vendor/laravel/framework/src/Illuminate/Foundation/Testing/TestResponse.php:259
/Applications/MAMP/htdocs/contasoft/vendor/laravel/framework/src/Illuminate/Foundation/Testing/TestResponse.php:204
/Applications/MAMP/htdocs/contasoft/tests/Feature/Frontend/UserRegistrationTest.php:264

5) Tests\Feature\Frontend\UserRegistrationTest::an_event_get_fired_on_registration
  The expected [App\Events\User\UserRegistered] event was not dispatched.
Failed asserting that false is true.

/Applications/MAMP/htdocs/contasoft/vendor/laravel/framework/src/Illuminate/Support/Testing/Fakes/EventFake.php:62
/Applications/MAMP/htdocs/contasoft/vendor/laravel/framework/src/Illuminate/Support/Facades/Facade.php:261
/Applications/MAMP/htdocs/contasoft/tests/Feature/Frontend/UserRegistrationTest.php:135

6) Tests\Feature\Frontend\UserRegistrationTest::if_requires_approval_is_active_the_user_cant_login
  Failed asserting that null matches expected 'Su cuenta fue creada con √©xito y est√° pendiente de aprobaci√≥n. Se enviar√° un correo electr√≥nico cuando su cuenta sea aprobada.'.

/Applications/MAMP/htdocs/contasoft/vendor/laravel/framework/src/Illuminate/Foundation/Testing/TestResponse.php:952
/Applications/MAMP/htdocs/contasoft/vendor/laravel/framework/src/Illuminate/Foundation/Testing/TestResponse.php:970
/Applications/MAMP/htdocs/contasoft/vendor/laravel/framework/src/Illuminate/Foundation/Testing/TestResponse.php:941
/Applications/MAMP/htdocs/contasoft/tests/Feature/Frontend/UserRegistrationTest.php:119

7) Tests\Feature\Frontend\UserRegistrationTest::a_user_account_can_confirm_his_email
  Failed asserting that null matches expected '¬°Su cuenta ha sido verificada satisfactoriamente!'.

/Applications/MAMP/htdocs/contasoft/vendor/laravel/framework/src/Illuminate/Foundation/Testing/TestResponse.php:952
/Applications/MAMP/htdocs/contasoft/vendor/laravel/framework/src/Illuminate/Foundation/Testing/TestResponse.php:970
/Applications/MAMP/htdocs/contasoft/vendor/laravel/framework/src/Illuminate/Foundation/Testing/TestResponse.php:941
/Applications/MAMP/htdocs/contasoft/tests/Feature/Frontend/UserRegistrationTest.php:94

8) Tests\Feature\Frontend\UserRegistrationTest::the_register_route_exists
  Expected status code 200 but received 500.
Failed asserting that false is true.

/Applications/MAMP/htdocs/contasoft/vendor/laravel/framework/src/Illuminate/Foundation/Testing/TestResponse.php:185
/Applications/MAMP/htdocs/contasoft/tests/Feature/Frontend/UserRegistrationTest.php:45

9) Tests\Feature\Frontend\UserLoginTest::unconfirmed_user_cant_login
  Session is missing expected key [flash_danger].
Failed asserting that false is true.

/Applications/MAMP/htdocs/contasoft/vendor/laravel/framework/src/Illuminate/Foundation/Testing/TestResponse.php:947
/Applications/MAMP/htdocs/contasoft/tests/Feature/Frontend/UserLoginTest.php:89

10) Tests\Feature\Frontend\UserLoginTest::inactive_users_cant_login
  Session is missing expected key [flash_danger].
Failed asserting that false is true.

/Applications/MAMP/htdocs/contasoft/vendor/laravel/framework/src/Illuminate/Foundation/Testing/TestResponse.php:947
/Applications/MAMP/htdocs/contasoft/tests/Feature/Frontend/UserLoginTest.php:72

11) Tests\Feature\Frontend\UserLoginTest::a_user_can_login_with_username_and_password
  The expected [App\Events\User\UserLoggedIn] event was not dispatched.
Failed asserting that false is true.

/Applications/MAMP/htdocs/contasoft/vendor/laravel/framework/src/Illuminate/Support/Testing/Fakes/EventFake.php:62
/Applications/MAMP/htdocs/contasoft/vendor/laravel/framework/src/Illuminate/Support/Facades/Facade.php:261
/Applications/MAMP/htdocs/contasoft/tests/Feature/Frontend/UserLoginTest.php:55

12) Tests\Feature\Frontend\UserLoginTest::a_user_can_login_with_email_and_password
  The expected [App\Events\User\UserLoggedIn] event was not dispatched.
Failed asserting that false is true.

/Applications/MAMP/htdocs/contasoft/vendor/laravel/framework/src/Illuminate/Support/Testing/Fakes/EventFake.php:62
/Applications/MAMP/htdocs/contasoft/vendor/laravel/framework/src/Illuminate/Support/Facades/Facade.php:261
/Applications/MAMP/htdocs/contasoft/tests/Feature/Frontend/UserLoginTest.php:37

13) Tests\Feature\Frontend\UpdateUserAccountTest::the_email_needs_to_be_confirmed_if_confirm_email_is_true
  Failed asserting that true is false.

/Applications/MAMP/htdocs/contasoft/tests/Feature/Frontend/UpdateUserAccountTest.php:146

14) Tests\Feature\Frontend\UpdateUserAccountTest::a_user_can_upload_his_own_avatar
  Unable to find a file at path [].
Failed asserting that false is true.

/Applications/MAMP/htdocs/contasoft/vendor/laravel/framework/src/Illuminate/Filesystem/FilesystemAdapter.php:62
/Applications/MAMP/htdocs/contasoft/tests/Feature/Frontend/UpdateUserAccountTest.php:130

15) Tests\Feature\Frontend\UpdateUserAccountTest::the_avatar_type_is_required
  Session is missing expected key [errors].
Failed asserting that false is true.

/Applications/MAMP/htdocs/contasoft/vendor/laravel/framework/src/Illuminate/Foundation/Testing/TestResponse.php:947
/Applications/MAMP/htdocs/contasoft/vendor/laravel/framework/src/Illuminate/Foundation/Testing/TestResponse.php:1022
/Applications/MAMP/htdocs/contasoft/tests/Feature/Frontend/UpdateUserAccountTest.php:115

16) Tests\Feature\Frontend\UpdateUserAccountTest::the_last_name_is_required
  Session is missing expected key [errors].
Failed asserting that false is true.

/Applications/MAMP/htdocs/contasoft/vendor/laravel/framework/src/Illuminate/Foundation/Testing/TestResponse.php:947
/Applications/MAMP/htdocs/contasoft/vendor/laravel/framework/src/Illuminate/Foundation/Testing/TestResponse.php:1022
/Applications/MAMP/htdocs/contasoft/tests/Feature/Frontend/UpdateUserAccountTest.php:104

17) Tests\Feature\Frontend\UpdateUserAccountTest::the_first_name_is_required
  Session is missing expected key [errors].
Failed asserting that false is true.

/Applications/MAMP/htdocs/contasoft/vendor/laravel/framework/src/Illuminate/Foundation/Testing/TestResponse.php:947
/Applications/MAMP/htdocs/contasoft/vendor/laravel/framework/src/Illuminate/Foundation/Testing/TestResponse.php:1022
/Applications/MAMP/htdocs/contasoft/tests/Feature/Frontend/UpdateUserAccountTest.php:93

18) Tests\Feature\Frontend\UpdateUserAccountTest::the_email_is_required
  Session is missing expected key [errors].
Failed asserting that false is true.

/Applications/MAMP/htdocs/contasoft/vendor/laravel/framework/src/Illuminate/Foundation/Testing/TestResponse.php:947
/Applications/MAMP/htdocs/contasoft/vendor/laravel/framework/src/Illuminate/Foundation/Testing/TestResponse.php:1022
/Applications/MAMP/htdocs/contasoft/tests/Feature/Frontend/UpdateUserAccountTest.php:82

19) Tests\Feature\Frontend\UpdateUserAccountTest::the_username_is_required
  Session is missing expected key [errors].
Failed asserting that false is true.

/Applications/MAMP/htdocs/contasoft/vendor/laravel/framework/src/Illuminate/Foundation/Testing/TestResponse.php:947
/Applications/MAMP/htdocs/contasoft/vendor/laravel/framework/src/Illuminate/Foundation/Testing/TestResponse.php:1022
/Applications/MAMP/htdocs/contasoft/tests/Feature/Frontend/UpdateUserAccountTest.php:71

20) Tests\Feature\Frontend\UpdateUserAccountTest::a_user_can_update_his_profile
  Failed asserting that two strings are identical.

-'Nayara'
+'John'

/Applications/MAMP/htdocs/contasoft/tests/Feature/Frontend/UpdateUserAccountTest.php:56

21) Tests\Feature\Frontend\ResetPasswordTest::a_user_can_not_use_the_same_password_when_history_is_on_on_password_reset
  Failed asserting that false is true.

/Applications/MAMP/htdocs/contasoft/tests/Feature/Frontend/ResetPasswordTest.php:120

22) Tests\Feature\Frontend\ResetPasswordTest::a_user_can_use_the_same_password_when_history_is_off_on_password_reset
  Session is missing expected key [flash_success].
Failed asserting that false is true.

/Applications/MAMP/htdocs/contasoft/vendor/laravel/framework/src/Illuminate/Foundation/Testing/TestResponse.php:947
/Applications/MAMP/htdocs/contasoft/tests/Feature/Frontend/ResetPasswordTest.php:101

23) Tests\Feature\Frontend\ResetPasswordTest::the_password_can_be_validated
  Failed asserting that '<!DOCTYPE html>\n
<html lang="es">\n
    <head>\n
        <meta charset="utf-8">\n
        <meta name="viewport" content="width=device-width, initial-scale=1">\n
\n
        <title>Laravel</title>\n
\n
        <!-- Fonts -->\n
        <link href="https://fonts.googleapis.com/css?family=Nunito:200,600" rel="stylesheet">\n
\n
        <!-- Styles -->\n
        <style>\n
            html, body {\n
                background-color: #fff;\n
                color: #636b6f;\n
                font-family: 'Nunito', sans-serif;\n
                font-weight: 200;\n
                height: 100vh;\n
                margin: 0;\n
            }\n
\n
            .full-height {\n
                height: 100vh;\n
            }\n
\n
            .flex-center {\n
                align-items: center;\n
                display: flex;\n
                justify-content: center;\n
            }\n
\n
            .position-ref {\n
                position: relative;\n
            }\n
\n
            .top-right {\n
                position: absolute;\n
                right: 10px;\n
                top: 18px;\n
            }\n
\n
            .content {\n
                text-align: center;\n
            }\n
\n
            .title {\n
                font-size: 84px;\n
            }\n
\n
            .links > a {\n
                color: #636b6f;\n
                padding: 0 25px;\n
                font-size: 13px;\n
                font-weight: 600;\n
                letter-spacing: .1rem;\n
                text-decoration: none;\n
                text-transform: uppercase;\n
            }\n
\n
            .m-b-md {\n
                margin-bottom: 30px;\n
            }\n
        </style>\n
    </head>\n
    <body>\n
        <div class="flex-center position-ref full-height">\n
            \n
            <div class="content">\n
                <div class="title m-b-md">\n
                    Laravel\n
                </div>\n
\n
                <div class="links">\n
                    <a href="https://laravel.com/docs">Docs</a>\n
                    <a href="https://laracasts.com">Laracasts</a>\n
                    <a href="https://laravel-news.com">News</a>\n
                    <a href="https://blog.laravel.com">Blog</a>\n
                    <a href="https://nova.laravel.com">Nova</a>\n
                    <a href="https://forge.laravel.com">Forge</a>\n
                    <a href="https://vapor.laravel.com">Vapor</a>\n
                    <a href="https://github.com/laravel/laravel">GitHub</a>\n
                </div>\n
            </div>\n
        </div>\n
    </body>\n
</html>\n
' contains "La contrase√±a debe tener al menos 8 caracteres.".

/Applications/MAMP/htdocs/contasoft/tests/Feature/Frontend/ResetPasswordTest.php:83

24) Tests\Feature\Frontend\ResetPasswordTest::a_notification_gets_sent_if_password_reset_is_requested
  The expected [App\Notifications\UserNeedsPasswordReset] notification was not sent.
Failed asserting that false is true.

/Applications/MAMP/htdocs/contasoft/vendor/laravel/framework/src/Illuminate/Support/Testing/Fakes/NotificationFake.php:55
/Applications/MAMP/htdocs/contasoft/vendor/laravel/framework/src/Illuminate/Support/Facades/Facade.php:261
/Applications/MAMP/htdocs/contasoft/tests/Feature/Frontend/ResetPasswordTest.php:37

25) Tests\Feature\Frontend\PasswordExpirationTest::a_user_can_not_use_the_same_password_when_history_is_on_on_password_expiration
  Failed asserting that false is true.

/Applications/MAMP/htdocs/contasoft/tests/Feature/Frontend/PasswordExpirationTest.php:127

26) Tests\Feature\Frontend\PasswordExpirationTest::a_user_can_use_the_same_password_when_history_is_off_on_password_expiration
  Session is missing expected key [flash_success].
Failed asserting that false is true.

/Applications/MAMP/htdocs/contasoft/vendor/laravel/framework/src/Illuminate/Foundation/Testing/TestResponse.php:947
/Applications/MAMP/htdocs/contasoft/tests/Feature/Frontend/PasswordExpirationTest.php:95

27) Tests\Feature\Frontend\PasswordExpirationTest::the_password_can_be_validated
  Failed asserting that '<!DOCTYPE html>\n
<html lang="es">\n
    <head>\n
        <meta charset="utf-8">\n
        <meta name="viewport" content="width=device-width, initial-scale=1">\n
\n
        <title>Laravel</title>\n
\n
        <!-- Fonts -->\n
        <link href="https://fonts.googleapis.com/css?family=Nunito:200,600" rel="stylesheet">\n
\n
        <!-- Styles -->\n
        <style>\n
            html, body {\n
                background-color: #fff;\n
                color: #636b6f;\n
                font-family: 'Nunito', sans-serif;\n
                font-weight: 200;\n
                height: 100vh;\n
                margin: 0;\n
            }\n
\n
            .full-height {\n
                height: 100vh;\n
            }\n
\n
            .flex-center {\n
                align-items: center;\n
                display: flex;\n
                justify-content: center;\n
            }\n
\n
            .position-ref {\n
                position: relative;\n
            }\n
\n
            .top-right {\n
                position: absolute;\n
                right: 10px;\n
                top: 18px;\n
            }\n
\n
            .content {\n
                text-align: center;\n
            }\n
\n
            .title {\n
                font-size: 84px;\n
            }\n
\n
            .links > a {\n
                color: #636b6f;\n
                padding: 0 25px;\n
                font-size: 13px;\n
                font-weight: 600;\n
                letter-spacing: .1rem;\n
                text-decoration: none;\n
                text-transform: uppercase;\n
            }\n
\n
            .m-b-md {\n
                margin-bottom: 30px;\n
            }\n
        </style>\n
    </head>\n
    <body>\n
        <div class="flex-center position-ref full-height">\n
            \n
            <div class="content">\n
                <div class="title m-b-md">\n
                    Laravel\n
                </div>\n
\n
                <div class="links">\n
                    <a href="https://laravel.com/docs">Docs</a>\n
                    <a href="https://laracasts.com">Laracasts</a>\n
                    <a href="https://laravel-news.com">News</a>\n
                    <a href="https://blog.laravel.com">Blog</a>\n
                    <a href="https://nova.laravel.com">Nova</a>\n
                    <a href="https://forge.laravel.com">Forge</a>\n
                    <a href="https://vapor.laravel.com">Vapor</a>\n
                    <a href="https://github.com/laravel/laravel">GitHub</a>\n
                </div>\n
            </div>\n
        </div>\n
    </body>\n
</html>\n
' contains "La contrase√±a debe tener al menos 8 caracteres.".

/Applications/MAMP/htdocs/contasoft/tests/Feature/Frontend/PasswordExpirationTest.php:74

28) Tests\Feature\Frontend\FillContactFormTest::it_redirects_back_after_success
  Response status code [500] is not a redirect status code.
Failed asserting that false is true.

/Applications/MAMP/htdocs/contasoft/vendor/laravel/framework/src/Illuminate/Foundation/Testing/TestResponse.php:200
/Applications/MAMP/htdocs/contasoft/tests/Feature/Frontend/FillContactFormTest.php:43

29) Tests\Feature\Frontend\FillContactFormTest::a_contact_mail_gets_sent
  Failed asserting that two strings are equal.

-'Su informaci√≥n fue enviada correctamente. Responderemos tan pronto sea posible al correo que proporcion√≥.'
+'Su informaci√≥n ha sido enviada correctamente. Responderemos tan pronto nos sea posible al correo que proporcion√≥.'

/Applications/MAMP/htdocs/contasoft/vendor/laravel/framework/src/Illuminate/Foundation/Testing/TestResponse.php:952
/Applications/MAMP/htdocs/contasoft/vendor/laravel/framework/src/Illuminate/Foundation/Testing/TestResponse.php:970
/Applications/MAMP/htdocs/contasoft/vendor/laravel/framework/src/Illuminate/Foundation/Testing/TestResponse.php:941
/Applications/MAMP/htdocs/contasoft/tests/Feature/Frontend/FillContactFormTest.php:29

30) Tests\Feature\Frontend\FillContactFormTest::the_contact_route_exists
  Expected status code 200 but received 500.
Failed asserting that false is true.

/Applications/MAMP/htdocs/contasoft/vendor/laravel/framework/src/Illuminate/Foundation/Testing/TestResponse.php:185
/Applications/MAMP/htdocs/contasoft/tests/Feature/Frontend/FillContactFormTest.php:14

31) Tests\Feature\Frontend\ChangePasswordTest::a_user_can_reuse_a_password_after_it_surpasses_the_limit
  Failed asserting that false is true.

/Applications/MAMP/htdocs/contasoft/tests/Feature/Frontend/ChangePasswordTest.php:140

32) Tests\Feature\Frontend\ChangePasswordTest::a_user_can_not_use_the_same_password_when_history_is_on_on_account_change_password
  Failed asserting that false is true.

/Applications/MAMP/htdocs/contasoft/tests/Feature/Frontend/ChangePasswordTest.php:109

33) Tests\Feature\Frontend\ChangePasswordTest::a_user_can_use_the_same_password_when_history_is_off_on_account_change_password
  Session is missing expected key [flash_success].
Failed asserting that false is true.

/Applications/MAMP/htdocs/contasoft/vendor/laravel/framework/src/Illuminate/Foundation/Testing/TestResponse.php:947
/Applications/MAMP/htdocs/contasoft/tests/Feature/Frontend/ChangePasswordTest.php:90

34) Tests\Feature\Frontend\ChangePasswordTest::the_password_can_be_changed
  Session is missing expected key [flash_success].
Failed asserting that false is true.

/Applications/MAMP/htdocs/contasoft/vendor/laravel/framework/src/Illuminate/Foundation/Testing/TestResponse.php:947
/Applications/MAMP/htdocs/contasoft/tests/Feature/Frontend/ChangePasswordTest.php:42

35) Tests\Feature\Frontend\ChangePasswordTest::the_password_can_be_validated
  Failed asserting that '<!DOCTYPE html>\n
<html lang="es">\n
    <head>\n
        <meta charset="utf-8">\n
        <meta name="viewport" content="width=device-width, initial-scale=1">\n
\n
        <title>Laravel</title>\n
\n
        <!-- Fonts -->\n
        <link href="https://fonts.googleapis.com/css?family=Nunito:200,600" rel="stylesheet">\n
\n
        <!-- Styles -->\n
        <style>\n
            html, body {\n
                background-color: #fff;\n
                color: #636b6f;\n
                font-family: 'Nunito', sans-serif;\n
                font-weight: 200;\n
                height: 100vh;\n
                margin: 0;\n
            }\n
\n
            .full-height {\n
                height: 100vh;\n
            }\n
\n
            .flex-center {\n
                align-items: center;\n
                display: flex;\n
                justify-content: center;\n
            }\n
\n
            .position-ref {\n
                position: relative;\n
            }\n
\n
            .top-right {\n
                position: absolute;\n
                right: 10px;\n
                top: 18px;\n
            }\n
\n
            .content {\n
                text-align: center;\n
            }\n
\n
            .title {\n
                font-size: 84px;\n
            }\n
\n
            .links > a {\n
                color: #636b6f;\n
                padding: 0 25px;\n
                font-size: 13px;\n
                font-weight: 600;\n
                letter-spacing: .1rem;\n
                text-decoration: none;\n
                text-transform: uppercase;\n
            }\n
\n
            .m-b-md {\n
                margin-bottom: 30px;\n
            }\n
        </style>\n
    </head>\n
    <body>\n
        <div class="flex-center position-ref full-height">\n
            \n
            <div class="content">\n
                <div class="title m-b-md">\n
                    Laravel\n
                </div>\n
\n
                <div class="links">\n
                    <a href="https://laravel.com/docs">Docs</a>\n
                    <a href="https://laracasts.com">Laracasts</a>\n
                    <a href="https://laravel-news.com">News</a>\n
                    <a href="https://blog.laravel.com">Blog</a>\n
                    <a href="https://nova.laravel.com">Nova</a>\n
                    <a href="https://forge.laravel.com">Forge</a>\n
                    <a href="https://vapor.laravel.com">Vapor</a>\n
                    <a href="https://github.com/laravel/laravel">GitHub</a>\n
                </div>\n
            </div>\n
        </div>\n
    </body>\n
</html>\n
' contains "La contrase√±a debe tener al menos 8 caracteres.".

/Applications/MAMP/htdocs/contasoft/tests/Feature/Frontend/ChangePasswordTest.php:27

36) Tests\Feature\Backend\User\UpdateUserTest::a_user_can_be_updated
  Failed asserting that two strings are identical.

-'John'
+'Rosa'

/Applications/MAMP/htdocs/contasoft/tests/Feature/Backend/User/UpdateUserTest.php:61

37) Tests\Feature\Backend\User\DeleteUserTest::a_user_can_be_deleted
  Failed asserting that two strings are equal.

-'El usuario fue eliminado correctamente.'
+'El usuario Cristina Valenzuela fue eliminado correctamente.'

/Applications/MAMP/htdocs/contasoft/vendor/laravel/framework/src/Illuminate/Foundation/Testing/TestResponse.php:952
/Applications/MAMP/htdocs/contasoft/vendor/laravel/framework/src/Illuminate/Foundation/Testing/TestResponse.php:970
/Applications/MAMP/htdocs/contasoft/vendor/laravel/framework/src/Illuminate/Foundation/Testing/TestResponse.php:941
/Applications/MAMP/htdocs/contasoft/tests/Feature/Backend/User/DeleteUserTest.php:84

38) Tests\Feature\Backend\User\DeleteUserTest::a_user_can_be_permanently_deleted
  Failed asserting that two strings are equal.

-'El usuario fue eliminado de forma permanente.'
+'El usuario V√≠ctor Quesada fue eliminado de forma permanente.'

/Applications/MAMP/htdocs/contasoft/vendor/laravel/framework/src/Illuminate/Foundation/Testing/TestResponse.php:952
/Applications/MAMP/htdocs/contasoft/vendor/laravel/framework/src/Illuminate/Foundation/Testing/TestResponse.php:970
/Applications/MAMP/htdocs/contasoft/vendor/laravel/framework/src/Illuminate/Foundation/Testing/TestResponse.php:941
/Applications/MAMP/htdocs/contasoft/tests/Feature/Backend/User/DeleteUserTest.php:61

39) Tests\Feature\Backend\User\DeleteUserTest::an_admin_can_restore_users
  Failed asserting that two strings are equal.

-'El usuario fue restaurado correctamente.'
+'El usuario Ana Mar√≠a Z√∫√±iga fue restaurado correctamente.'

/Applications/MAMP/htdocs/contasoft/vendor/laravel/framework/src/Illuminate/Foundation/Testing/TestResponse.php:952
/Applications/MAMP/htdocs/contasoft/vendor/laravel/framework/src/Illuminate/Foundation/Testing/TestResponse.php:970
/Applications/MAMP/htdocs/contasoft/vendor/laravel/framework/src/Illuminate/Foundation/Testing/TestResponse.php:941
/Applications/MAMP/htdocs/contasoft/tests/Feature/Backend/User/DeleteUserTest.php:45

40) Tests\Feature\Backend\User\DeleteUserTest::an_admin_can_access_deleted_users_page
  Expected status code 200 but received 500.
Failed asserting that false is true.

/Applications/MAMP/htdocs/contasoft/vendor/laravel/framework/src/Illuminate/Foundation/Testing/TestResponse.php:185
/Applications/MAMP/htdocs/contasoft/tests/Feature/Backend/User/DeleteUserTest.php:23

41) Tests\Feature\Backend\User\CreateUserTest::when_an_unconfirmed_user_is_created_a_notification_will_be_sent
  Failed asserting that null matches expected 'El usuario fue creado correctamente.'.

/Applications/MAMP/htdocs/contasoft/vendor/laravel/framework/src/Illuminate/Foundation/Testing/TestResponse.php:952
/Applications/MAMP/htdocs/contasoft/vendor/laravel/framework/src/Illuminate/Foundation/Testing/TestResponse.php:970
/Applications/MAMP/htdocs/contasoft/vendor/laravel/framework/src/Illuminate/Foundation/Testing/TestResponse.php:941
/Applications/MAMP/htdocs/contasoft/tests/Feature/Backend/User/CreateUserTest.php:144

42) Tests\Feature\Backend\User\CreateUserTest::admin_can_create_new_user
  Failed asserting that a row in the table [users] matches the attributes {
    "first_name": "John",
    "last_name": "Doe",
    "username": "jdoe",
    "email": "john@example.com",
    "active": true,
    "confirmed": true
}.

Found: [
    {
        "id": "1",
        "uuid": "660b70bc-d44e-4b3c-af8e-e4d79c85a73d",
        "first_name": "Rub\u00e9n",
        "last_name": "Ocampo",
        "username": "glucio",
        "email": "pina.paula@example.com",
        "email_verified_at": "2019-12-20 03:13:59",
        "avatar_type": "gravatar",
        "avatar_location": null,
        "password": "$2y$04$86IK6FJsT8Mbmww3AxoWLeCumJHtIJ7iMCClOlZTBcDd\/F0QBGiuO",
        "password_changed_at": null,
        "active": "1",
        "confirmation_code": "60f2ae289f01234debebb8d2874e7af6",
        "confirmed": "1",
        "timezone": "America\/Santo_Domingo",
        "last_login_at": null,
        "last_login_ip": null,
        "to_be_logged_out": "0",
        "remember_token": "UtL9r8nc9d",
        "created_at": "2019-12-20 03:13:59",
        "updated_at": "2019-12-20 03:13:59",
        "deleted_at": null
    }
].

/Applications/MAMP/htdocs/contasoft/vendor/laravel/framework/src/Illuminate/Foundation/Testing/Concerns/InteractsWithDatabase.php:25
/Applications/MAMP/htdocs/contasoft/tests/Feature/Backend/User/CreateUserTest.php:111

43) Tests\Feature\Backend\User\CreateUserTest::user_username_needs_to_be_unique
  Session is missing expected key [errors].
Failed asserting that false is true.

/Applications/MAMP/htdocs/contasoft/vendor/laravel/framework/src/Illuminate/Foundation/Testing/TestResponse.php:947
/Applications/MAMP/htdocs/contasoft/vendor/laravel/framework/src/Illuminate/Foundation/Testing/TestResponse.php:1022
/Applications/MAMP/htdocs/contasoft/tests/Feature/Backend/User/CreateUserTest.php:81

44) Tests\Feature\Backend\User\CreateUserTest::user_email_needs_to_be_unique
  Session is missing expected key [errors].
Failed asserting that false is true.

/Applications/MAMP/htdocs/contasoft/vendor/laravel/framework/src/Illuminate/Foundation/Testing/TestResponse.php:947
/Applications/MAMP/htdocs/contasoft/vendor/laravel/framework/src/Illuminate/Foundation/Testing/TestResponse.php:1022
/Applications/MAMP/htdocs/contasoft/tests/Feature/Backend/User/CreateUserTest.php:58

45) Tests\Backend\User\ConfirmUserTest::an_admin_cannot_confirm_a_confirmed_user
  Failed asserting that two strings are equal.

-'Este Usuario ya fue confirmado.'
+'Este usuario ya est√° confirmado.'

/Applications/MAMP/htdocs/contasoft/vendor/laravel/framework/src/Illuminate/Foundation/Testing/TestResponse.php:952
/Applications/MAMP/htdocs/contasoft/vendor/laravel/framework/src/Illuminate/Foundation/Testing/TestResponse.php:970
/Applications/MAMP/htdocs/contasoft/vendor/laravel/framework/src/Illuminate/Foundation/Testing/TestResponse.php:941
/Applications/MAMP/htdocs/contasoft/tests/Feature/Backend/User/ConfirmUserTest.php:41

46) Tests\Backend\User\ConfirmUserTest::an_admin_can_confirm_a_user
  Failed asserting that two strings are equal.

-'El usuario fue confirmado correctamente.'
+'El usuario fue confirmado exitosamente.'

/Applications/MAMP/htdocs/contasoft/vendor/laravel/framework/src/Illuminate/Foundation/Testing/TestResponse.php:952
/Applications/MAMP/htdocs/contasoft/vendor/laravel/framework/src/Illuminate/Foundation/Testing/TestResponse.php:970
/Applications/MAMP/htdocs/contasoft/vendor/laravel/framework/src/Illuminate/Foundation/Testing/TestResponse.php:941
/Applications/MAMP/htdocs/contasoft/tests/Feature/Backend/User/ConfirmUserTest.php:31

47) Tests\Backend\User\ClearSessionTest::an_admin_can_clear_a_user_session
  Failed asserting that two strings are equal.

-'La sesi√≥n del usuario se borr√≥ correctamente.'
+'La sesi√≥n del usuario se limpio correctamente.'

/Applications/MAMP/htdocs/contasoft/vendor/laravel/framework/src/Illuminate/Foundation/Testing/TestResponse.php:952
/Applications/MAMP/htdocs/contasoft/vendor/laravel/framework/src/Illuminate/Foundation/Testing/TestResponse.php:970
/Applications/MAMP/htdocs/contasoft/vendor/laravel/framework/src/Illuminate/Foundation/Testing/TestResponse.php:941
/Applications/MAMP/htdocs/contasoft/tests/Feature/Backend/User/ClearSessionTest.php:27

48) Tests\Feature\Backend\User\ChangeUserPasswordTest::the_password_can_be_validated
  Failed asserting that '<!DOCTYPE html>\n
<html lang="es">\n
    <head>\n
        <meta charset="utf-8">\n
        <meta name="viewport" content="width=device-width, initial-scale=1">\n
\n
        <title>Laravel</title>\n
\n
        <!-- Fonts -->\n
        <link href="https://fonts.googleapis.com/css?family=Nunito:200,600" rel="stylesheet">\n
\n
        <!-- Styles -->\n
        <style>\n
            html, body {\n
                background-color: #fff;\n
                color: #636b6f;\n
                font-family: 'Nunito', sans-serif;\n
                font-weight: 200;\n
                height: 100vh;\n
                margin: 0;\n
            }\n
\n
            .full-height {\n
                height: 100vh;\n
            }\n
\n
            .flex-center {\n
                align-items: center;\n
                display: flex;\n
                justify-content: center;\n
            }\n
\n
            .position-ref {\n
                position: relative;\n
            }\n
\n
            .top-right {\n
                position: absolute;\n
                right: 10px;\n
                top: 18px;\n
            }\n
\n
            .content {\n
                text-align: center;\n
            }\n
\n
            .title {\n
                font-size: 84px;\n
            }\n
\n
            .links > a {\n
                color: #636b6f;\n
                padding: 0 25px;\n
                font-size: 13px;\n
                font-weight: 600;\n
                letter-spacing: .1rem;\n
                text-decoration: none;\n
                text-transform: uppercase;\n
            }\n
\n
            .m-b-md {\n
                margin-bottom: 30px;\n
            }\n
        </style>\n
    </head>\n
    <body>\n
        <div class="flex-center position-ref full-height">\n
            \n
            <div class="content">\n
                <div class="title m-b-md">\n
                    Laravel\n
                </div>\n
\n
                <div class="links">\n
                    <a href="https://laravel.com/docs">Docs</a>\n
                    <a href="https://laracasts.com">Laracasts</a>\n
                    <a href="https://laravel-news.com">News</a>\n
                    <a href="https://blog.laravel.com">Blog</a>\n
                    <a href="https://nova.laravel.com">Nova</a>\n
                    <a href="https://forge.laravel.com">Forge</a>\n
                    <a href="https://vapor.laravel.com">Vapor</a>\n
                    <a href="https://github.com/laravel/laravel">GitHub</a>\n
                </div>\n
            </div>\n
        </div>\n
    </body>\n
</html>\n
' contains "La contrase√±a debe tener al menos 8 caracteres.".

/Applications/MAMP/htdocs/contasoft/tests/Feature/Backend/User/ChangeUserPasswordTest.php:28

49) Tests\Feature\Backend\Role\CreateRoleTest::the_name_must_be_unique
  Failed asserting that two strings are equal.

-'El Nombre del Perfil suministrado ya existe'
+'Debe seleccionar al menos un permiso para cada Perfil.'

/Applications/MAMP/htdocs/contasoft/vendor/laravel/framework/src/Illuminate/Foundation/Testing/TestResponse.php:952
/Applications/MAMP/htdocs/contasoft/vendor/laravel/framework/src/Illuminate/Foundation/Testing/TestResponse.php:970
/Applications/MAMP/htdocs/contasoft/vendor/laravel/framework/src/Illuminate/Foundation/Testing/TestResponse.php:941
/Applications/MAMP/htdocs/contasoft/tests/Feature/Backend/Role/CreateRoleTest.php:53

ERRORS!
Tests: 134, Assertions: 215, Errors: 2, Failures: 49.
